<?xml version='1.0' encoding='utf-8'?>
<testsuites name="API_Ferreteria_JUnit_Tests" timestamp="2025-07-02T19:17:11.041758" tests="12" failures="0" time="11.71"><testsuite name="ApiEndpointsTest" tests="5" failures="0" time="3.322" timestamp="2025-07-02T19:17:11.041788"><testcase name="testHealthEndpoint" classname="com.ferreteria.api.ApiEndpointsTest" time="0.37" /><testcase name="testGetProductos" classname="com.ferreteria.api.ApiEndpointsTest" time="0.104" /><testcase name="testCreateProducto" classname="com.ferreteria.api.ApiEndpointsTest" time="0.555" /><testcase name="testUpdateProducto" classname="com.ferreteria.api.ApiEndpointsTest" time="1.096" /><testcase name="testDeleteProducto" classname="com.ferreteria.api.ApiEndpointsTest" time="1.197" /></testsuite><testsuite name="DatabaseTest" tests="4" failures="0" time="5.542" timestamp="2025-07-02T19:17:11.041807"><testcase name="testDatabaseConnection" classname="com.ferreteria.api.DatabaseTest" time="1.858" /><testcase name="testProductoModel" classname="com.ferreteria.api.DatabaseTest" time="1.794" /><testcase name="testCategoriaModel" classname="com.ferreteria.api.DatabaseTest" time="1.782" /><testcase name="testClienteModel" classname="com.ferreteria.api.DatabaseTest" time="0.108" /></testsuite><testsuite name="ValidationTest" tests="3" failures="0" time="2.846" timestamp="2025-07-02T19:17:11.041818"><testcase name="testProductoValidation" classname="com.ferreteria.api.ValidationTest" time="1.8" /><testcase name="testPriceValidation" classname="com.ferreteria.api.ValidationTest" time="0.555" /><testcase name="testStockValidation" classname="com.ferreteria.api.ValidationTest" time="0.491" /></testsuite></testsuites>